<?xml version="1.0" encoding="UTF-8"?>
<testng-results ignored="0" total="2" passed="0" failed="2" skipped="0">
  <reporter-output>
  </reporter-output>
  <suite started-at="2026-01-09T12:48:49 IST" name="Suite" finished-at="2026-01-09T12:49:35 IST" duration-ms="46037">
    <groups>
      <group name="Master">
        <method signature="TC_LF_001.accountLogin()[pri:0, instance:crm.opencart.test.TC_LF_001@3eb738bb]" name="accountLogin" class="crm.opencart.test.TC_LF_001"/>
        <method signature="TC_RF_001.accountRegisteration()[pri:0, instance:crm.opencart.test.TC_RF_001@6743e411]" name="accountRegisteration" class="crm.opencart.test.TC_RF_001"/>
      </group> <!-- Master -->
      <group name="Sanity">
        <method signature="TC_LF_001.accountLogin()[pri:0, instance:crm.opencart.test.TC_LF_001@3eb738bb]" name="accountLogin" class="crm.opencart.test.TC_LF_001"/>
      </group> <!-- Sanity -->
      <group name="Regression">
        <method signature="TC_RF_001.accountRegisteration()[pri:0, instance:crm.opencart.test.TC_RF_001@6743e411]" name="accountRegisteration" class="crm.opencart.test.TC_RF_001"/>
      </group> <!-- Regression -->
    </groups>
    <test started-at="2026-01-09T12:48:49 IST" name="Test" finished-at="2026-01-09T12:49:35 IST" duration-ms="46037">
      <class name="crm.opencart.test.TC_RF_001">
        <test-method is-config="true" signature="setup(java.lang.String,java.lang.String)[pri:0, instance:crm.opencart.test.TC_RF_001@6743e411]" started-at="2026-01-09T12:48:49 IST" name="setup" finished-at="2026-01-09T12:49:00 IST" duration-ms="11097" status="PASS">
          <params>
            <param index="0">
              <value>
                <![CDATA[windows]]>
              </value>
            </param>
            <param index="1">
              <value>
                <![CDATA[edge]]>
              </value>
            </param>
          </params>
          <reporter-output>
          </reporter-output>
        </test-method> <!-- setup -->
        <test-method signature="accountRegisteration()[pri:0, instance:crm.opencart.test.TC_RF_001@6743e411]" started-at="2026-01-09T12:49:00 IST" name="accountRegisteration" finished-at="2026-01-09T12:49:16 IST" duration-ms="15333" status="FAIL">
          <exception class="java.lang.AssertionError">
            <message>
              <![CDATA[null]]>
            </message>
            <full-stacktrace>
              <![CDATA[java.lang.AssertionError: null
at org.testng.Assert.fail(Assert.java:111)
at org.testng.Assert.fail(Assert.java:116)
at crm.opencart.test.TC_RF_001.accountRegisteration(TC_RF_001.java:59)
at java.base/jdk.internal.reflect.DirectMethodHandleAccessor.invoke(DirectMethodHandleAccessor.java:103)
at java.base/java.lang.reflect.Method.invoke(Method.java:580)
at org.testng.internal.invokers.MethodInvocationHelper.invokeMethod(MethodInvocationHelper.java:141)
at org.testng.internal.invokers.TestInvoker.invokeMethod(TestInvoker.java:687)
at org.testng.internal.invokers.TestInvoker.invokeTestMethod(TestInvoker.java:230)
at org.testng.internal.invokers.MethodRunner.runInSequence(MethodRunner.java:63)
at org.testng.internal.invokers.TestInvoker$MethodInvocationAgent.invoke(TestInvoker.java:995)
at org.testng.internal.invokers.TestInvoker.invokeTestMethods(TestInvoker.java:203)
at org.testng.internal.invokers.TestMethodWorker.invokeTestMethods(TestMethodWorker.java:154)
at org.testng.internal.invokers.TestMethodWorker.run(TestMethodWorker.java:134)
at java.base/java.util.ArrayList.forEach(ArrayList.java:1596)
at org.testng.TestRunner.privateRun(TestRunner.java:741)
at org.testng.TestRunner.run(TestRunner.java:616)
at org.testng.SuiteRunner.runTest(SuiteRunner.java:421)
at org.testng.SuiteRunner.runSequentially(SuiteRunner.java:413)
at org.testng.SuiteRunner.privateRun(SuiteRunner.java:373)
at org.testng.SuiteRunner.run(SuiteRunner.java:312)
at org.testng.SuiteRunnerWorker.runSuite(SuiteRunnerWorker.java:52)
at org.testng.SuiteRunnerWorker.run(SuiteRunnerWorker.java:95)
at org.testng.TestNG.runSuitesSequentially(TestNG.java:1274)
at org.testng.TestNG.runSuitesLocally(TestNG.java:1208)
at org.testng.TestNG.runSuites(TestNG.java:1112)
at org.testng.TestNG.run(TestNG.java:1079)
at org.testng.remote.AbstractRemoteTestNG.run(AbstractRemoteTestNG.java:115)
at org.testng.remote.RemoteTestNG.initAndRun(RemoteTestNG.java:293)
at org.testng.remote.RemoteTestNG.main(RemoteTestNG.java:91)
]]>
            </full-stacktrace>
          </exception> <!-- java.lang.AssertionError -->
          <reporter-output>
          </reporter-output>
        </test-method> <!-- accountRegisteration -->
        <test-method is-config="true" signature="tearDown()[pri:0, instance:crm.opencart.test.TC_RF_001@6743e411]" started-at="2026-01-09T12:49:16 IST" name="tearDown" finished-at="2026-01-09T12:49:22 IST" duration-ms="6182" status="PASS">
          <reporter-output>
          </reporter-output>
        </test-method> <!-- tearDown -->
      </class> <!-- crm.opencart.test.TC_RF_001 -->
      <class name="crm.opencart.test.TC_LF_001">
        <test-method is-config="true" signature="setup(java.lang.String,java.lang.String)[pri:0, instance:crm.opencart.test.TC_LF_001@3eb738bb]" started-at="2026-01-09T12:49:22 IST" name="setup" finished-at="2026-01-09T12:49:29 IST" duration-ms="7239" status="PASS">
          <params>
            <param index="0">
              <value>
                <![CDATA[windows]]>
              </value>
            </param>
            <param index="1">
              <value>
                <![CDATA[edge]]>
              </value>
            </param>
          </params>
          <reporter-output>
          </reporter-output>
        </test-method> <!-- setup -->
        <test-method signature="accountLogin()[pri:0, instance:crm.opencart.test.TC_LF_001@3eb738bb]" started-at="2026-01-09T12:49:29 IST" name="accountLogin" finished-at="2026-01-09T12:49:29 IST" duration-ms="14" status="FAIL">
          <exception class="java.lang.AssertionError">
            <message>
              <![CDATA[null]]>
            </message>
            <full-stacktrace>
              <![CDATA[java.lang.AssertionError: null
at org.testng.Assert.fail(Assert.java:111)
at org.testng.Assert.fail(Assert.java:116)
at crm.opencart.test.TC_LF_001.accountLogin(TC_LF_001.java:42)
at java.base/jdk.internal.reflect.DirectMethodHandleAccessor.invoke(DirectMethodHandleAccessor.java:103)
at java.base/java.lang.reflect.Method.invoke(Method.java:580)
at org.testng.internal.invokers.MethodInvocationHelper.invokeMethod(MethodInvocationHelper.java:141)
at org.testng.internal.invokers.TestInvoker.invokeMethod(TestInvoker.java:687)
at org.testng.internal.invokers.TestInvoker.invokeTestMethod(TestInvoker.java:230)
at org.testng.internal.invokers.MethodRunner.runInSequence(MethodRunner.java:63)
at org.testng.internal.invokers.TestInvoker$MethodInvocationAgent.invoke(TestInvoker.java:995)
at org.testng.internal.invokers.TestInvoker.invokeTestMethods(TestInvoker.java:203)
at org.testng.internal.invokers.TestMethodWorker.invokeTestMethods(TestMethodWorker.java:154)
at org.testng.internal.invokers.TestMethodWorker.run(TestMethodWorker.java:134)
at java.base/java.util.ArrayList.forEach(ArrayList.java:1596)
at org.testng.TestRunner.privateRun(TestRunner.java:741)
at org.testng.TestRunner.run(TestRunner.java:616)
at org.testng.SuiteRunner.runTest(SuiteRunner.java:421)
at org.testng.SuiteRunner.runSequentially(SuiteRunner.java:413)
at org.testng.SuiteRunner.privateRun(SuiteRunner.java:373)
at org.testng.SuiteRunner.run(SuiteRunner.java:312)
at org.testng.SuiteRunnerWorker.runSuite(SuiteRunnerWorker.java:52)
at org.testng.SuiteRunnerWorker.run(SuiteRunnerWorker.java:95)
at org.testng.TestNG.runSuitesSequentially(TestNG.java:1274)
at org.testng.TestNG.runSuitesLocally(TestNG.java:1208)
at org.testng.TestNG.runSuites(TestNG.java:1112)
at org.testng.TestNG.run(TestNG.java:1079)
at org.testng.remote.AbstractRemoteTestNG.run(AbstractRemoteTestNG.java:115)
at org.testng.remote.RemoteTestNG.initAndRun(RemoteTestNG.java:293)
at org.testng.remote.RemoteTestNG.main(RemoteTestNG.java:91)
]]>
            </full-stacktrace>
          </exception> <!-- java.lang.AssertionError -->
          <reporter-output>
          </reporter-output>
        </test-method> <!-- accountLogin -->
        <test-method is-config="true" signature="tearDown()[pri:0, instance:crm.opencart.test.TC_LF_001@3eb738bb]" started-at="2026-01-09T12:49:30 IST" name="tearDown" finished-at="2026-01-09T12:49:35 IST" duration-ms="4352" status="PASS">
          <reporter-output>
          </reporter-output>
        </test-method> <!-- tearDown -->
      </class> <!-- crm.opencart.test.TC_LF_001 -->
    </test> <!-- Test -->
  </suite> <!-- Suite -->
</testng-results>
