<?xml version="1.0" encoding="UTF-8"?>
<!-- Generated by org.testng.reporters.JUnitXMLReporter -->
<testsuite ignored="0" hostname="LTIN654098" failures="2" tests="2" name="Test" time="46.037" errors="0" timestamp="2026-01-09T12:49:38 IST">
  <testcase classname="crm.opencart.test.TC_RF_001" name="accountRegisteration" time="15.333">
    <failure type="java.lang.AssertionError" message="null">
      <![CDATA[java.lang.AssertionError: null
at crm.opencart.test.TC_RF_001.accountRegisteration(TC_RF_001.java:59)
at java.base/java.util.ArrayList.forEach(ArrayList.java:1596)
... Removed 27 stack frames]]>
    </failure>
  </testcase> <!-- accountRegisteration -->
  <testcase classname="crm.opencart.test.TC_LF_001" name="accountLogin" time="0.014">
    <failure type="java.lang.AssertionError" message="null">
      <![CDATA[java.lang.AssertionError: null
at crm.opencart.test.TC_LF_001.accountLogin(TC_LF_001.java:42)
at java.base/java.util.ArrayList.forEach(ArrayList.java:1596)
... Removed 27 stack frames]]>
    </failure>
  </testcase> <!-- accountLogin -->
</testsuite> <!-- Test -->
